2019/08/30 08:42:48.758 org.apache.shiro.session.mgt.ExecutorServiceSessionValidationScheduler [] DEBUG Executing session validation...
2019/08/30 08:42:48.764 org.apache.shiro.session.mgt.AbstractValidatingSessionManager [] INFO  Validating all active sessions...
2019/08/30 08:42:48.768 org.springframework.data.redis.core.RedisConnectionUtils [] DEBUG Opening RedisConnection
2019/08/30 08:42:48.780 org.springframework.data.redis.core.RedisConnectionUtils [] DEBUG Closing Redis Connection
2019/08/30 08:42:48.780 org.springframework.data.redis.core.RedisConnectionUtils [] DEBUG Opening RedisConnection
2019/08/30 08:42:48.781 org.springframework.data.redis.core.RedisConnectionUtils [] DEBUG Closing Redis Connection
2019/08/30 08:42:48.781 org.springframework.data.redis.core.RedisConnectionUtils [] DEBUG Opening RedisConnection
2019/08/30 08:42:48.781 org.springframework.data.redis.core.RedisConnectionUtils [] DEBUG Closing Redis Connection
2019/08/30 08:42:51.592 org.springframework.data.redis.core.RedisConnectionUtils [] DEBUG Opening RedisConnection
2019/08/30 08:42:51.593 org.springframework.data.redis.core.RedisConnectionUtils [] DEBUG Closing Redis Connection
2019/08/30 08:42:51.593 org.apache.shiro.web.session.mgt.DefaultWebSessionManager [] DEBUG SessionKey argument is not HTTP compatible or does not have an HTTP request/response pair. Session ID cookie will not be removed due to invalidated session.
2019/08/30 08:42:51.593 org.apache.shiro.session.mgt.AbstractValidatingSessionManager [] DEBUG Invalidated session with id [e35d8130-c9ec-40a2-bce2-3d469bd3ace9] (expired)
2019/08/30 08:42:51.593 org.springframework.data.redis.core.RedisConnectionUtils [] DEBUG Opening RedisConnection
2019/08/30 08:42:51.594 org.springframework.data.redis.core.RedisConnectionUtils [] DEBUG Closing Redis Connection
2019/08/30 08:42:51.594 org.apache.shiro.web.session.mgt.DefaultWebSessionManager [] DEBUG SessionKey argument is not HTTP compatible or does not have an HTTP request/response pair. Session ID cookie will not be removed due to invalidated session.
2019/08/30 08:42:51.594 org.apache.shiro.session.mgt.AbstractValidatingSessionManager [] DEBUG Invalidated session with id [0a3090d1-c04e-489e-b3d7-138a48a97267] (expired)
2019/08/30 08:42:51.594 org.apache.shiro.session.mgt.AbstractValidatingSessionManager [] INFO  Finished session validation.  [2] sessions were stopped.
2019/08/30 08:42:51.594 org.apache.shiro.session.mgt.ExecutorServiceSessionValidationScheduler [] DEBUG Session validation completed successfully in 2830 milliseconds.
2019/08/30 08:42:51.594 org.apache.shiro.session.mgt.ExecutorServiceSessionValidationScheduler [] DEBUG Executing session validation...
2019/08/30 08:42:51.594 org.apache.shiro.session.mgt.AbstractValidatingSessionManager [] INFO  Validating all active sessions...
2019/08/30 08:42:51.595 org.springframework.data.redis.core.RedisConnectionUtils [] DEBUG Opening RedisConnection
2019/08/30 08:42:52.665 org.springframework.data.redis.core.RedisConnectionUtils [] DEBUG Closing Redis Connection
2019/08/30 08:42:52.665 org.apache.shiro.session.mgt.AbstractValidatingSessionManager [] INFO  Finished session validation.  No sessions were stopped.
2019/08/30 08:42:52.665 org.apache.shiro.session.mgt.ExecutorServiceSessionValidationScheduler [] DEBUG Session validation completed successfully in 1071 milliseconds.
2019/08/30 08:42:52.665 org.apache.shiro.session.mgt.ExecutorServiceSessionValidationScheduler [] DEBUG Executing session validation...
2019/08/30 08:42:52.665 org.apache.shiro.session.mgt.AbstractValidatingSessionManager [] INFO  Validating all active sessions...
2019/08/30 08:42:52.665 org.springframework.data.redis.core.RedisConnectionUtils [] DEBUG Opening RedisConnection
2019/08/30 08:42:52.666 org.springframework.data.redis.core.RedisConnectionUtils [] DEBUG Closing Redis Connection
2019/08/30 08:42:52.666 org.apache.shiro.session.mgt.AbstractValidatingSessionManager [] INFO  Finished session validation.  No sessions were stopped.
2019/08/30 08:42:52.666 org.apache.shiro.session.mgt.ExecutorServiceSessionValidationScheduler [] DEBUG Session validation completed successfully in 1 milliseconds.
2019/08/30 08:42:52.666 org.apache.shiro.session.mgt.ExecutorServiceSessionValidationScheduler [] DEBUG Executing session validation...
2019/08/30 08:42:52.667 org.apache.shiro.session.mgt.AbstractValidatingSessionManager [] INFO  Validating all active sessions...
2019/08/30 08:42:52.667 org.springframework.data.redis.core.RedisConnectionUtils [] DEBUG Opening RedisConnection
2019/08/30 08:42:52.667 org.springframework.data.redis.core.RedisConnectionUtils [] DEBUG Closing Redis Connection
2019/08/30 08:42:52.667 org.apache.shiro.session.mgt.AbstractValidatingSessionManager [] INFO  Finished session validation.  No sessions were stopped.
2019/08/30 08:42:52.667 org.apache.shiro.session.mgt.ExecutorServiceSessionValidationScheduler [] DEBUG Session validation completed successfully in 0 milliseconds.
2019/08/30 08:42:52.799 org.apache.shiro.session.mgt.ExecutorServiceSessionValidationScheduler [] DEBUG Executing session validation...
2019/08/30 08:42:52.800 org.apache.shiro.session.mgt.AbstractValidatingSessionManager [] INFO  Validating all active sessions...
2019/08/30 08:42:52.800 org.springframework.data.redis.core.RedisConnectionUtils [] DEBUG Opening RedisConnection
2019/08/30 08:42:52.802 org.springframework.data.redis.core.RedisConnectionUtils [] DEBUG Closing Redis Connection
2019/08/30 08:42:52.802 org.apache.shiro.session.mgt.AbstractValidatingSessionManager [] INFO  Finished session validation.  No sessions were stopped.
2019/08/30 08:42:52.802 org.apache.shiro.session.mgt.ExecutorServiceSessionValidationScheduler [] DEBUG Session validation completed successfully in 3 milliseconds.
2019/08/30 08:42:52.802 org.apache.shiro.session.mgt.ExecutorServiceSessionValidationScheduler [] DEBUG Executing session validation...
2019/08/30 08:42:52.802 org.apache.shiro.session.mgt.AbstractValidatingSessionManager [] INFO  Validating all active sessions...
2019/08/30 08:42:52.802 org.springframework.data.redis.core.RedisConnectionUtils [] DEBUG Opening RedisConnection
2019/08/30 08:42:52.804 org.springframework.data.redis.core.RedisConnectionUtils [] DEBUG Closing Redis Connection
2019/08/30 08:42:52.804 org.apache.shiro.session.mgt.AbstractValidatingSessionManager [] INFO  Finished session validation.  No sessions were stopped.
2019/08/30 08:42:52.804 org.apache.shiro.session.mgt.ExecutorServiceSessionValidationScheduler [] DEBUG Session validation completed successfully in 2 milliseconds.
2019/08/30 08:42:52.805 org.apache.shiro.session.mgt.ExecutorServiceSessionValidationScheduler [] DEBUG Executing session validation...
2019/08/30 08:42:52.805 org.apache.shiro.session.mgt.AbstractValidatingSessionManager [] INFO  Validating all active sessions...
2019/08/30 08:42:52.805 org.springframework.data.redis.core.RedisConnectionUtils [] DEBUG Opening RedisConnection
2019/08/30 08:42:52.805 org.springframework.data.redis.core.RedisConnectionUtils [] DEBUG Closing Redis Connection
2019/08/30 08:42:52.805 org.apache.shiro.session.mgt.AbstractValidatingSessionManager [] INFO  Finished session validation.  No sessions were stopped.
2019/08/30 08:42:52.806 org.apache.shiro.session.mgt.ExecutorServiceSessionValidationScheduler [] DEBUG Session validation completed successfully in 1 milliseconds.
2019/08/30 08:42:52.806 org.apache.shiro.session.mgt.ExecutorServiceSessionValidationScheduler [] DEBUG Executing session validation...
2019/08/30 08:42:52.806 org.apache.shiro.session.mgt.AbstractValidatingSessionManager [] INFO  Validating all active sessions...
2019/08/30 08:42:52.806 org.springframework.data.redis.core.RedisConnectionUtils [] DEBUG Opening RedisConnection
2019/08/30 08:42:52.806 org.springframework.data.redis.core.RedisConnectionUtils [] DEBUG Closing Redis Connection
2019/08/30 08:42:52.806 org.apache.shiro.session.mgt.AbstractValidatingSessionManager [] INFO  Finished session validation.  No sessions were stopped.
2019/08/30 08:42:52.806 org.apache.shiro.session.mgt.ExecutorServiceSessionValidationScheduler [] DEBUG Session validation completed successfully in 0 milliseconds.
2019/08/30 08:42:52.806 org.apache.shiro.session.mgt.ExecutorServiceSessionValidationScheduler [] DEBUG Executing session validation...
2019/08/30 08:42:52.807 org.apache.shiro.session.mgt.AbstractValidatingSessionManager [] INFO  Validating all active sessions...
2019/08/30 08:42:52.807 org.springframework.data.redis.core.RedisConnectionUtils [] DEBUG Opening RedisConnection
2019/08/30 08:42:52.807 org.springframework.data.redis.core.RedisConnectionUtils [] DEBUG Closing Redis Connection
2019/08/30 08:42:52.807 org.apache.shiro.session.mgt.AbstractValidatingSessionManager [] INFO  Finished session validation.  No sessions were stopped.
2019/08/30 08:42:52.807 org.apache.shiro.session.mgt.ExecutorServiceSessionValidationScheduler [] DEBUG Session validation completed successfully in 0 milliseconds.
2019/08/30 08:42:52.807 org.apache.shiro.session.mgt.ExecutorServiceSessionValidationScheduler [] DEBUG Executing session validation...
2019/08/30 08:42:52.807 org.apache.shiro.session.mgt.AbstractValidatingSessionManager [] INFO  Validating all active sessions...
2019/08/30 08:42:52.807 org.springframework.data.redis.core.RedisConnectionUtils [] DEBUG Opening RedisConnection
2019/08/30 08:42:52.808 org.springframework.data.redis.core.RedisConnectionUtils [] DEBUG Closing Redis Connection
2019/08/30 08:42:52.808 org.apache.shiro.session.mgt.AbstractValidatingSessionManager [] INFO  Finished session validation.  No sessions were stopped.
2019/08/30 08:42:52.808 org.apache.shiro.session.mgt.ExecutorServiceSessionValidationScheduler [] DEBUG Session validation completed successfully in 1 milliseconds.
2019/08/30 08:42:52.808 org.apache.shiro.session.mgt.ExecutorServiceSessionValidationScheduler [] DEBUG Executing session validation...
2019/08/30 08:42:52.808 org.apache.shiro.session.mgt.AbstractValidatingSessionManager [] INFO  Validating all active sessions...
2019/08/30 08:42:52.808 org.springframework.data.redis.core.RedisConnectionUtils [] DEBUG Opening RedisConnection
2019/08/30 08:42:52.809 org.springframework.data.redis.core.RedisConnectionUtils [] DEBUG Closing Redis Connection
2019/08/30 08:42:52.809 org.apache.shiro.session.mgt.AbstractValidatingSessionManager [] INFO  Finished session validation.  No sessions were stopped.
2019/08/30 08:42:52.809 org.apache.shiro.session.mgt.ExecutorServiceSessionValidationScheduler [] DEBUG Session validation completed successfully in 1 milliseconds.
2019/08/30 08:42:52.809 org.apache.shiro.session.mgt.ExecutorServiceSessionValidationScheduler [] DEBUG Executing session validation...
2019/08/30 08:42:52.809 org.apache.shiro.session.mgt.AbstractValidatingSessionManager [] INFO  Validating all active sessions...
2019/08/30 08:42:52.809 org.springframework.data.redis.core.RedisConnectionUtils [] DEBUG Opening RedisConnection
2019/08/30 08:42:52.810 org.springframework.data.redis.core.RedisConnectionUtils [] DEBUG Closing Redis Connection
2019/08/30 08:42:52.810 org.apache.shiro.session.mgt.AbstractValidatingSessionManager [] INFO  Finished session validation.  No sessions were stopped.
2019/08/30 08:42:52.810 org.apache.shiro.session.mgt.ExecutorServiceSessionValidationScheduler [] DEBUG Session validation completed successfully in 1 milliseconds.
2019/08/30 08:42:52.810 org.apache.shiro.session.mgt.ExecutorServiceSessionValidationScheduler [] DEBUG Executing session validation...
2019/08/30 08:42:52.810 org.apache.shiro.session.mgt.AbstractValidatingSessionManager [] INFO  Validating all active sessions...
2019/08/30 08:42:52.810 org.springframework.data.redis.core.RedisConnectionUtils [] DEBUG Opening RedisConnection
2019/08/30 08:42:52.810 org.springframework.data.redis.core.RedisConnectionUtils [] DEBUG Closing Redis Connection
2019/08/30 08:42:52.811 org.apache.shiro.session.mgt.AbstractValidatingSessionManager [] INFO  Finished session validation.  No sessions were stopped.
2019/08/30 08:42:52.811 org.apache.shiro.session.mgt.ExecutorServiceSessionValidationScheduler [] DEBUG Session validation completed successfully in 1 milliseconds.
2019/08/30 08:42:52.811 org.apache.shiro.session.mgt.ExecutorServiceSessionValidationScheduler [] DEBUG Executing session validation...
2019/08/30 08:42:52.811 org.apache.shiro.session.mgt.AbstractValidatingSessionManager [] INFO  Validating all active sessions...
2019/08/30 08:42:52.811 org.springframework.data.redis.core.RedisConnectionUtils [] DEBUG Opening RedisConnection
2019/08/30 08:42:52.811 org.springframework.data.redis.core.RedisConnectionUtils [] DEBUG Closing Redis Connection
2019/08/30 08:42:52.811 org.apache.shiro.session.mgt.AbstractValidatingSessionManager [] INFO  Finished session validation.  No sessions were stopped.
2019/08/30 08:42:52.811 org.apache.shiro.session.mgt.ExecutorServiceSessionValidationScheduler [] DEBUG Session validation completed successfully in 0 milliseconds.
2019/08/30 09:02:34.372 org.apache.shiro.session.mgt.ExecutorServiceSessionValidationScheduler [] DEBUG Executing session validation...
2019/08/30 09:02:34.372 org.apache.shiro.session.mgt.AbstractValidatingSessionManager [] INFO  Validating all active sessions...
2019/08/30 09:02:34.372 org.springframework.data.redis.core.RedisConnectionUtils [] DEBUG Opening RedisConnection
2019/08/30 09:02:34.377 org.springframework.data.redis.core.RedisConnectionUtils [] DEBUG Closing Redis Connection
2019/08/30 09:02:34.377 org.apache.shiro.session.mgt.AbstractValidatingSessionManager [] INFO  Finished session validation.  No sessions were stopped.
2019/08/30 09:02:34.377 org.apache.shiro.session.mgt.ExecutorServiceSessionValidationScheduler [] DEBUG Session validation completed successfully in 5 milliseconds.
2019/08/30 09:04:14.944 org.springframework.boot.context.embedded.AnnotationConfigEmbeddedWebApplicationContext [] INFO  Closing org.springframework.boot.context.embedded.AnnotationConfigEmbeddedWebApplicationContext@61a0fa23: startup date [Thu Aug 29 18:02:15 CST 2019]; root of context hierarchy
2019/08/30 09:04:14.948 org.springframework.core.env.PropertySourcesPropertyResolver [] DEBUG Found key 'spring.liveBeansView.mbeanDomain' in [systemProperties] with type [String]
2019/08/30 09:04:14.951 org.springframework.beans.factory.support.DefaultListableBeanFactory [] DEBUG Returning cached instance of singleton bean 'lifecycleProcessor'
2019/08/30 09:04:14.951 org.springframework.beans.factory.support.DefaultListableBeanFactory [] DEBUG Destroying singletons in org.springframework.beans.factory.support.DefaultListableBeanFactory@4c3c650: defining beans [org.springframework.context.annotation.internalConfigurationAnnotationProcessor,org.springframework.context.annotation.internalAutowiredAnnotationProcessor,org.springframework.context.annotation.internalRequiredAnnotationProcessor,org.springframework.context.annotation.internalCommonAnnotationProcessor,org.springframework.context.event.internalEventListenerProcessor,org.springframework.context.event.internalEventListenerFactory,application,org.springframework.boot.autoconfigure.internalCachingMetadataReaderFactory,dataSourceConfig,myWebMvcConfigurerAdapter,redisConfig,shiroConfig,captchaController,loginController,userController,userService,dataSource,resourceUrlProvider,jedisPoolConfig,jedisConnectionFactory,shiroRedisTemplate,shirFilter,securityManager,lifecycleBeanPostProcessor,shiroRealm,shiroDialect,authorizationAttributeSourceAdvisor,simpleMappingExceptionResolver,containerCustomizer,rememberMeCookie,rememberMeManager,formAuthenticationFilter,cacheManager,getMethodInvokingFactoryBean,sessionListener,sessionIdGenerator,redisManager,sessionFactory,sessionDAO,sessionIdCookie,sessionManager,kickoutSessionControlFilter,credentialsMatcher,org.springframework.boot.autoconfigure.AutoConfigurationPackages,org.springframework.boot.autoconfigure.context.PropertyPlaceholderAutoConfiguration,org.springframework.boot.autoconfigure.condition.BeanTypeRegistry,propertySourcesPlaceholderConfigurer,org.springframework.boot.autoconfigure.jackson.JacksonAutoConfiguration$Jackson2ObjectMapperBuilderCustomizerConfiguration,standardJacksonObjectMapperBuilderCustomizer,spring.jackson-org.springframework.boot.autoconfigure.jackson.JacksonProperties,org.springframework.boot.context.properties.ConfigurationPropertiesBindingPostProcessor,org.springframework.boot.context.properties.ConfigurationPropertiesBindingPostProcessor.store,org.springframework.boot.autoconfigure.jackson.JacksonAutoConfiguration$JacksonObjectMapperBuilderConfiguration,jacksonObjectMapperBuilder,org.springframework.boot.autoconfigure.jackson.JacksonAutoConfiguration$JacksonObjectMapperConfiguration,jacksonObjectMapper,org.springframework.boot.autoconfigure.jackson.JacksonAutoConfiguration,jsonComponentModule,org.springframework.boot.autoconfigure.websocket.WebSocketAutoConfiguration$TomcatWebSocketConfiguration,websocketContainerCustomizer,org.springframework.boot.autoconfigure.websocket.WebSocketAutoConfiguration,org.springframework.boot.autoconfigure.web.EmbeddedServletContainerAutoConfiguration$EmbeddedTomcat,tomcatEmbeddedServletContainerFactory,org.springframework.boot.autoconfigure.web.EmbeddedServletContainerAutoConfiguration,embeddedServletContainerCustomizerBeanPostProcessor,errorPageRegistrarBeanPostProcessor,org.springframework.boot.autoconfigure.web.DispatcherServletAutoConfiguration$DispatcherServletConfiguration,dispatcherServlet,spring.mvc-org.springframework.boot.autoconfigure.web.WebMvcProperties,org.springframework.boot.autoconfigure.web.DispatcherServletAutoConfiguration$DispatcherServletRegistrationConfiguration,dispatcherServletRegistration,org.springframework.boot.autoconfigure.web.DispatcherServletAutoConfiguration,org.springframework.boot.autoconfigure.validation.ValidationAutoConfiguration,defaultValidator,methodValidationPostProcessor,org.springframework.boot.autoconfigure.web.ErrorMvcAutoConfiguration$WhitelabelErrorViewConfiguration,error,beanNameViewResolver,org.springframework.boot.autoconfigure.web.ErrorMvcAutoConfiguration$DefaultErrorViewResolverConfiguration,conventionErrorViewResolver,org.springframework.boot.autoconfigure.web.ErrorMvcAutoConfiguration,errorAttributes,basicErrorController,errorPageCustomizer,preserveErrorControllerTargetClassPostProcessor,spring.resources-org.springframework.boot.autoconfigure.web.ResourceProperties,org.springframework.boot.autoconfigure.web.WebMvcAutoConfiguration$EnableWebMvcConfiguration,requestMappingHandlerAdapter,requestMappingHandlerMapping,mvcValidator,mvcContentNegotiationManager,mvcPathMatcher,mvcUrlPathHelper,viewControllerHandlerMapping,beanNameHandlerMapping,resourceHandlerMapping,mvcResourceUrlProvider,defaultServletHandlerMapping,mvcConversionService,mvcUriComponentsContributor,httpRequestHandlerAdapter,simpleControllerHandlerAdapter,handlerExceptionResolver,mvcViewResolver,org.springframework.boot.autoconfigure.web.WebMvcAutoConfiguration$WebMvcAutoConfigurationAdapter$FaviconConfiguration,faviconHandlerMapping,faviconRequestHandler,org.springframework.boot.autoconfigure.web.WebMvcAutoConfiguration$WebMvcAutoConfigurationAdapter,defaultViewResolver,viewResolver,welcomePageHandlerMapping,requestContextFilter,org.springframework.boot.autoconfigure.web.WebMvcAutoConfiguration,hiddenHttpMethodFilter,httpPutFormContentFilter,org.springframework.boot.autoconfigure.jdbc.metadata.DataSourcePoolMetadataProvidersConfiguration$TomcatDataSourcePoolMetadataProviderConfiguration,tomcatPoolDataSourceMetadataProvider,org.springframework.boot.autoconfigure.jdbc.metadata.DataSourcePoolMetadataProvidersConfiguration,org.springframework.boot.autoconfigure.jdbc.DataSourceAutoConfiguration,dataSourceInitializer,spring.datasource-org.springframework.boot.autoconfigure.jdbc.DataSourceProperties,dataSourceInitializerPostProcessor,org.mybatis.spring.boot.autoconfigure.MybatisAutoConfiguration$MapperScannerRegistrarNotFoundConfiguration,permissionMapper,roleMapper,userMapper,org.mybatis.spring.boot.autoconfigure.MybatisAutoConfiguration,sqlSessionFactory,sqlSessionTemplate,mybatis-org.mybatis.spring.boot.autoconfigure.MybatisProperties,com.github.pagehelper.autoconfigure.PageHelperAutoConfiguration,pageHelperProperties,pagehelper-com.github.pagehelper.autoconfigure.PageHelperProperties,org.springframework.boot.autoconfigure.jmx.JmxAutoConfiguration,mbeanExporter,objectNamingStrategy,mbeanServer,org.springframework.boot.autoconfigure.admin.SpringApplicationAdminJmxAutoConfiguration,springApplicationAdminRegistrar,org.springframework.boot.autoconfigure.data.redis.RedisAutoConfiguration$RedisConfiguration,redisTemplate,stringRedisTemplate,org.springframework.boot.autoconfigure.data.redis.RedisAutoConfiguration$RedisConnectionConfiguration,org.springframework.boot.autoconfigure.data.redis.RedisAutoConfiguration,spring.redis-org.springframework.boot.autoconfigure.data.redis.RedisProperties,org.springframework.boot.autoconfigure.context.ConfigurationPropertiesAutoConfiguration,org.springframework.boot.autoconfigure.dao.PersistenceExceptionTranslationAutoConfiguration,persistenceExceptionTranslationPostProcessor,org.springframework.boot.autoconfigure.data.redis.RedisRepositoriesAutoConfiguration,keyValueMappingContext,redisCustomConversions,redisReferenceResolver,redisConverter,redisKeyValueAdapter,redisKeyValueTemplate,org.springframework.boot.autoconfigure.web.HttpMessageConvertersAutoConfiguration$StringHttpMessageConverterConfiguration,stringHttpMessageConverter,spring.http.encoding-org.springframework.boot.autoconfigure.web.HttpEncodingProperties,org.springframework.boot.autoconfigure.web.JacksonHttpMessageConvertersConfiguration$MappingJackson2HttpMessageConverterConfiguration,mappingJackson2HttpMessageConverter,org.springframework.boot.autoconfigure.web.JacksonHttpMessageConvertersConfiguration,org.springframework.boot.autoconfigure.web.HttpMessageConvertersAutoConfiguration,messageConverters,org.springframework.data.web.config.SpringDataWebConfiguration,pageableResolver,sortResolver,org.springframework.data.web.config.SpringDataJacksonConfiguration,jacksonGeoModule,org.springframework.boot.autoconfigure.data.web.SpringDataWebAutoConfiguration,org.springframework.boot.autoconfigure.info.ProjectInfoAutoConfiguration,spring.info-org.springframework.boot.autoconfigure.info.ProjectInfoProperties,org.springframework.boot.autoconfigure.jdbc.DataSourceTransactionManagerAutoConfiguration$DataSourceTransactionManagerConfiguration,transactionManager,org.springframework.boot.autoconfigure.jdbc.DataSourceTransactionManagerAutoConfiguration,org.springframework.boot.autoconfigure.jdbc.JdbcTemplateAutoConfiguration,jdbcTemplate,namedParameterJdbcTemplate,org.springframework.boot.autoconfigure.thymeleaf.ThymeleafAutoConfiguration$ThymeleafResourceHandlingConfig,org.springframework.boot.autoconfigure.thymeleaf.ThymeleafAutoConfiguration$ThymeleafWebLayoutConfiguration,layoutDialect,org.springframework.boot.autoconfigure.thymeleaf.ThymeleafAutoConfiguration$ThymeleafDefaultConfiguration,templateEngine,org.springframework.boot.autoconfigure.thymeleaf.ThymeleafAutoConfiguration$Thymeleaf2Configuration$Thymeleaf2ViewResolverConfiguration,thymeleafViewResolver,org.springframework.boot.autoconfigure.thymeleaf.ThymeleafAutoConfiguration$Thymeleaf2Configuration$DefaultTemplateResolverConfiguration,thymeleafResourceResolver,defaultTemplateResolver,org.springframework.boot.autoconfigure.thymeleaf.ThymeleafAutoConfiguration$Thymeleaf2Configuration,org.springframework.boot.autoconfigure.thymeleaf.ThymeleafAutoConfiguration,spring.thymeleaf-org.springframework.boot.autoconfigure.thymeleaf.ThymeleafProperties,org.springframework.transaction.annotation.ProxyTransactionManagementConfiguration,org.springframework.transaction.config.internalTransactionAdvisor,transactionAttributeSource,transactionInterceptor,org.springframework.transaction.config.internalTransactionalEventListenerFactory,org.springframework.boot.autoconfigure.transaction.TransactionAutoConfiguration$EnableTransactionManagementConfiguration$CglibAutoProxyConfiguration,org.springframework.aop.config.internalAutoProxyCreator,org.springframework.boot.autoconfigure.transaction.TransactionAutoConfiguration$EnableTransactionManagementConfiguration,org.springframework.boot.autoconfigure.transaction.TransactionAutoConfiguration$TransactionTemplateConfiguration,transactionTemplate,org.springframework.boot.autoconfigure.transaction.TransactionAutoConfiguration,platformTransactionManagerCustomizers,spring.transaction-org.springframework.boot.autoconfigure.transaction.TransactionProperties,org.springframework.boot.autoconfigure.web.HttpEncodingAutoConfiguration,characterEncodingFilter,localeCharsetMappingsCustomizer,org.springframework.boot.autoconfigure.web.MultipartAutoConfiguration,multipartConfigElement,multipartResolver,spring.http.multipart-org.springframework.boot.autoconfigure.web.MultipartProperties,org.springframework.boot.autoconfigure.web.ServerPropertiesAutoConfiguration,serverProperties,duplicateServerPropertiesDetector,org.springframework.boot.autoconfigure.web.WebClientAutoConfiguration$RestTemplateConfiguration,restTemplateBuilder,org.springframework.boot.autoconfigure.web.WebClientAutoConfiguration,org.springframework.boot.devtools.autoconfigure.LocalDevToolsAutoConfiguration$RestartConfiguration,classPathFileSystemWatcher,classPathRestartStrategy,hateoasObjenesisCacheDisabler,fileSystemWatcherFactory,org.springframework.boot.devtools.autoconfigure.LocalDevToolsAutoConfiguration$LiveReloadConfiguration,liveReloadServer,optionalLiveReloadServer,org.springframework.boot.devtools.autoconfigure.LocalDevToolsAutoConfiguration,spring.devtools-org.springframework.boot.devtools.autoconfigure.DevToolsProperties]; root of factory hierarchy
2019/08/30 09:04:14.951 org.springframework.beans.factory.support.DisposableBeanAdapter [] DEBUG Invoking destroy() on bean with name 'classPathFileSystemWatcher'
2019/08/30 09:04:14.955 org.springframework.beans.factory.support.DisposableBeanAdapter [] DEBUG Invoking destroy() on bean with name 'redisKeyValueTemplate'
2019/08/30 09:04:14.955 org.springframework.beans.factory.support.DisposableBeanAdapter [] DEBUG Invoking destroy() on bean with name 'redisKeyValueAdapter'
2019/08/30 09:04:14.955 org.springframework.data.redis.listener.RedisMessageListenerContainer [] DEBUG Stopped RedisMessageListenerContainer
2019/08/30 09:04:14.955 org.springframework.beans.factory.support.DisposableBeanAdapter [] DEBUG Invoking destroy() on bean with name 'springApplicationAdminRegistrar'
2019/08/30 09:04:14.955 org.springframework.beans.factory.support.DisposableBeanAdapter [] DEBUG Invoking destroy() on bean with name 'mbeanExporter'
2019/08/30 09:04:14.955 org.springframework.jmx.export.annotation.AnnotationMBeanExporter [] INFO  Unregistering JMX-exposed beans on shutdown
2019/08/30 09:04:14.956 org.springframework.jmx.export.annotation.AnnotationMBeanExporter [] INFO  Unregistering JMX-exposed beans
2019/08/30 09:04:14.956 org.springframework.beans.factory.support.DefaultListableBeanFactory [] DEBUG Retrieved dependent beans for bean 'mvcResourceUrlProvider': [requestMappingHandlerMapping, resourceHandlerMapping]
2019/08/30 09:04:14.956 org.springframework.beans.factory.support.DefaultListableBeanFactory [] DEBUG Retrieved dependent beans for bean 'mvcValidator': [requestMappingHandlerAdapter]
2019/08/30 09:04:14.957 org.springframework.beans.factory.support.DefaultListableBeanFactory [] DEBUG Retrieved dependent beans for bean 'requestMappingHandlerAdapter': [mvcUriComponentsContributor]
2019/08/30 09:04:14.957 org.springframework.beans.factory.support.DisposableBeanAdapter [] DEBUG Invoking destroy() on bean with name 'mvcValidator'
2019/08/30 09:04:14.957 org.springframework.beans.factory.support.DisposableBeanAdapter [] DEBUG Invoking destroy() on bean with name 'characterEncodingFilter'
2019/08/30 09:04:14.957 org.springframework.beans.factory.support.DisposableBeanAdapter [] DEBUG Invoking destroy() on bean with name 'httpPutFormContentFilter'
2019/08/30 09:04:14.957 org.springframework.beans.factory.support.DisposableBeanAdapter [] DEBUG Invoking destroy() on bean with name 'hiddenHttpMethodFilter'
2019/08/30 09:04:14.957 org.springframework.beans.factory.support.DisposableBeanAdapter [] DEBUG Invoking destroy() on bean with name 'requestContextFilter'
2019/08/30 09:04:14.957 org.springframework.beans.factory.support.DefaultListableBeanFactory [] DEBUG Retrieved dependent beans for bean 'defaultValidator': [methodValidationPostProcessor]
2019/08/30 09:04:14.957 org.springframework.beans.factory.support.DisposableBeanAdapter [] DEBUG Invoking destroy() on bean with name 'defaultValidator'
2019/08/30 09:04:14.957 org.springframework.beans.factory.support.DefaultListableBeanFactory [] DEBUG Retrieved dependent beans for bean 'resourceUrlProvider': [kickoutSessionControlFilter]
2019/08/30 09:04:14.957 org.springframework.beans.factory.support.DefaultListableBeanFactory [] DEBUG Retrieved dependent beans for bean 'kickoutSessionControlFilter': [shirFilter]
2019/08/30 09:04:14.958 org.springframework.beans.factory.support.DefaultListableBeanFactory [] DEBUG Retrieved dependent beans for bean 'securityManager': [getMethodInvokingFactoryBean, authorizationAttributeSourceAdvisor]
2019/08/30 09:04:14.958 org.apache.shiro.spring.LifecycleBeanPostProcessor [] DEBUG Destroying bean [securityManager]...
2019/08/30 09:04:14.959 org.apache.shiro.session.mgt.AbstractValidatingSessionManager [] INFO  Disabled session validation scheduler.
2019/08/30 09:04:14.960 org.apache.shiro.spring.LifecycleBeanPostProcessor [] DEBUG Destroying bean [sessionManager]...
2019/08/30 09:04:14.960 org.springframework.beans.factory.support.DefaultListableBeanFactory [] DEBUG Retrieved dependent beans for bean 'sqlSessionTemplate': [userMapper, roleMapper, permissionMapper]
2019/08/30 09:04:14.960 org.springframework.beans.factory.support.DefaultListableBeanFactory [] DEBUG Retrieved dependent beans for bean 'userMapper': [credentialsMatcher, shiroRealm, loginController, userService]
2019/08/30 09:04:14.960 org.springframework.beans.factory.support.DefaultListableBeanFactory [] DEBUG Retrieved dependent beans for bean 'credentialsMatcher': [shiroRealm, loginController]
2019/08/30 09:04:14.960 org.springframework.beans.factory.support.DefaultListableBeanFactory [] DEBUG Retrieved dependent beans for bean 'shiroRealm': [userController]
2019/08/30 09:04:14.960 org.springframework.beans.factory.support.DisposableBeanAdapter [] DEBUG Invoking destroy() on bean with name 'sqlSessionTemplate'
2019/08/30 09:04:14.960 org.springframework.beans.factory.support.DefaultListableBeanFactory [] DEBUG Retrieved dependent beans for bean 'dataSource': [sqlSessionFactory, org.springframework.boot.autoconfigure.jdbc.DataSourceTransactionManagerAutoConfiguration$DataSourceTransactionManagerConfiguration, org.springframework.boot.autoconfigure.jdbc.JdbcTemplateAutoConfiguration]
2019/08/30 09:04:14.960 org.springframework.beans.factory.support.DefaultListableBeanFactory [] DEBUG Retrieved dependent beans for bean 'sqlSessionFactory': [com.github.pagehelper.autoconfigure.PageHelperAutoConfiguration]
2019/08/30 09:04:14.960 org.springframework.beans.factory.support.DisposableBeanAdapter [] DEBUG Invoking destroy method 'close' on bean with name 'dataSource'
2019/08/30 09:04:15.017 com.alibaba.druid.pool.DruidDataSource [] INFO  {dataSource-1} closed
2019/08/30 09:04:15.017 org.springframework.beans.factory.support.DefaultListableBeanFactory [] DEBUG Retrieved dependent beans for bean 'jedisConnectionFactory': [shiroRedisTemplate, redisTemplate, stringRedisTemplate]
2019/08/30 09:04:15.017 org.springframework.beans.factory.support.DefaultListableBeanFactory [] DEBUG Retrieved dependent beans for bean 'shiroRedisTemplate': [redisManager]
2019/08/30 09:04:15.017 org.springframework.beans.factory.support.DefaultListableBeanFactory [] DEBUG Retrieved dependent beans for bean 'redisManager': [cacheManager, sessionDAO]
2019/08/30 09:04:15.017 org.springframework.beans.factory.support.DefaultListableBeanFactory [] DEBUG Retrieved dependent beans for bean 'redisTemplate': [redisReferenceResolver]
2019/08/30 09:04:15.017 org.springframework.beans.factory.support.DefaultListableBeanFactory [] DEBUG Retrieved dependent beans for bean 'redisReferenceResolver': [redisConverter]
2019/08/30 09:04:15.017 org.springframework.beans.factory.support.DisposableBeanAdapter [] DEBUG Invoking destroy() on bean with name 'jedisConnectionFactory'
2019/08/30 09:04:15.018 org.springframework.beans.factory.support.DisposableBeanAdapter [] DEBUG Invoking destroy() on bean with name 'org.springframework.boot.context.properties.ConfigurationPropertiesBindingPostProcessor'
2019/08/30 09:04:15.018 org.springframework.beans.factory.support.DefaultListableBeanFactory [] DEBUG Retrieved dependent beans for bean 'org.springframework.boot.autoconfigure.internalCachingMetadataReaderFactory': [org.springframework.context.annotation.internalConfigurationAnnotationProcessor]
