2019/08/30 08:42:48.764 o.a.s.s.m.AbstractValidatingSessionManager [] INFO  Validating all active sessions...
2019/08/30 08:42:51.594 o.a.s.s.m.AbstractValidatingSessionManager [] INFO  Finished session validation.  [2] sessions were stopped.
2019/08/30 08:42:51.594 o.a.s.s.m.AbstractValidatingSessionManager [] INFO  Validating all active sessions...
2019/08/30 08:42:52.665 o.a.s.s.m.AbstractValidatingSessionManager [] INFO  Finished session validation.  No sessions were stopped.
2019/08/30 08:42:52.665 o.a.s.s.m.AbstractValidatingSessionManager [] INFO  Validating all active sessions...
2019/08/30 08:42:52.666 o.a.s.s.m.AbstractValidatingSessionManager [] INFO  Finished session validation.  No sessions were stopped.
2019/08/30 08:42:52.667 o.a.s.s.m.AbstractValidatingSessionManager [] INFO  Validating all active sessions...
2019/08/30 08:42:52.667 o.a.s.s.m.AbstractValidatingSessionManager [] INFO  Finished session validation.  No sessions were stopped.
2019/08/30 08:42:52.800 o.a.s.s.m.AbstractValidatingSessionManager [] INFO  Validating all active sessions...
2019/08/30 08:42:52.802 o.a.s.s.m.AbstractValidatingSessionManager [] INFO  Finished session validation.  No sessions were stopped.
2019/08/30 08:42:52.802 o.a.s.s.m.AbstractValidatingSessionManager [] INFO  Validating all active sessions...
2019/08/30 08:42:52.804 o.a.s.s.m.AbstractValidatingSessionManager [] INFO  Finished session validation.  No sessions were stopped.
2019/08/30 08:42:52.805 o.a.s.s.m.AbstractValidatingSessionManager [] INFO  Validating all active sessions...
2019/08/30 08:42:52.805 o.a.s.s.m.AbstractValidatingSessionManager [] INFO  Finished session validation.  No sessions were stopped.
2019/08/30 08:42:52.806 o.a.s.s.m.AbstractValidatingSessionManager [] INFO  Validating all active sessions...
2019/08/30 08:42:52.806 o.a.s.s.m.AbstractValidatingSessionManager [] INFO  Finished session validation.  No sessions were stopped.
2019/08/30 08:42:52.807 o.a.s.s.m.AbstractValidatingSessionManager [] INFO  Validating all active sessions...
2019/08/30 08:42:52.807 o.a.s.s.m.AbstractValidatingSessionManager [] INFO  Finished session validation.  No sessions were stopped.
2019/08/30 08:42:52.807 o.a.s.s.m.AbstractValidatingSessionManager [] INFO  Validating all active sessions...
2019/08/30 08:42:52.808 o.a.s.s.m.AbstractValidatingSessionManager [] INFO  Finished session validation.  No sessions were stopped.
2019/08/30 08:42:52.808 o.a.s.s.m.AbstractValidatingSessionManager [] INFO  Validating all active sessions...
2019/08/30 08:42:52.809 o.a.s.s.m.AbstractValidatingSessionManager [] INFO  Finished session validation.  No sessions were stopped.
2019/08/30 08:42:52.809 o.a.s.s.m.AbstractValidatingSessionManager [] INFO  Validating all active sessions...
2019/08/30 08:42:52.810 o.a.s.s.m.AbstractValidatingSessionManager [] INFO  Finished session validation.  No sessions were stopped.
2019/08/30 08:42:52.810 o.a.s.s.m.AbstractValidatingSessionManager [] INFO  Validating all active sessions...
2019/08/30 08:42:52.811 o.a.s.s.m.AbstractValidatingSessionManager [] INFO  Finished session validation.  No sessions were stopped.
2019/08/30 08:42:52.811 o.a.s.s.m.AbstractValidatingSessionManager [] INFO  Validating all active sessions...
2019/08/30 08:42:52.811 o.a.s.s.m.AbstractValidatingSessionManager [] INFO  Finished session validation.  No sessions were stopped.
2019/08/30 09:02:34.372 o.a.s.s.m.AbstractValidatingSessionManager [] INFO  Validating all active sessions...
2019/08/30 09:02:34.377 o.a.s.s.m.AbstractValidatingSessionManager [] INFO  Finished session validation.  No sessions were stopped.
2019/08/30 09:04:14.944 o.s.b.c.e.AnnotationConfigEmbeddedWebApplicationContext [] INFO  Closing org.springframework.boot.context.embedded.AnnotationConfigEmbeddedWebApplicationContext@61a0fa23: startup date [Thu Aug 29 18:02:15 CST 2019]; root of context hierarchy
2019/08/30 09:04:14.955 o.s.j.e.a.AnnotationMBeanExporter [] INFO  Unregistering JMX-exposed beans on shutdown
2019/08/30 09:04:14.956 o.s.j.e.a.AnnotationMBeanExporter [] INFO  Unregistering JMX-exposed beans
2019/08/30 09:04:14.959 o.a.s.s.m.AbstractValidatingSessionManager [] INFO  Disabled session validation scheduler.
2019/08/30 09:04:15.017 c.a.druid.pool.DruidDataSource [] INFO  {dataSource-1} closed
